<?xml version="1.0" encoding="UTF-8"?>
<robot generator="Robot 6.1.1 (Python 3.7.7 on win32)" generated="20240101 12:21:51.316" rpa="false" schemaversion="4">
<suite id="s1" name="Assign" source="C:\Users\KloverCloud\PycharmProjects\ddt_with_robot\TestCases\assign.robot">
<kw name="Open my Browser" library="run_indecator_resources" type="SETUP">
<kw name="Open Browser" library="SeleniumLibrary">
<arg>${url}</arg>
<arg>${browser}</arg>
<doc>Opens a new browser instance to the optional ``url``.</doc>
<msg timestamp="20240101 12:21:52.111" level="INFO">Opening browser 'chrome' to base url 'https://admin-demo.nopcommerce.com/login?ReturnUrl=%2Fadmin%2F'.</msg>
<status status="PASS" starttime="20240101 12:21:52.111" endtime="20240101 12:21:54.566"/>
</kw>
<kw name="Maximize Browser Window" library="SeleniumLibrary">
<doc>Maximizes current browser window.</doc>
<status status="PASS" starttime="20240101 12:21:54.566" endtime="20240101 12:21:54.696"/>
</kw>
<kw name="Sleep" library="BuiltIn">
<arg>2</arg>
<doc>Pauses the test executed for the given time.</doc>
<msg timestamp="20240101 12:21:56.700" level="INFO">Slept 2 seconds</msg>
<status status="PASS" starttime="20240101 12:21:54.696" endtime="20240101 12:21:56.700"/>
</kw>
<status status="PASS" starttime="20240101 12:21:52.111" endtime="20240101 12:21:56.700"/>
</kw>
<test id="s1-t1" name="Check Login" line="11">
<kw name="_Check Login">
<arg>2345127</arg>
<arg>y</arg>
<kw name="Evaluate" library="BuiltIn">
<var>${run_test}</var>
<arg>"${Run_Indi.lower()}" == "y"</arg>
<doc>Evaluates the given expression in Python and returns the result.</doc>
<msg timestamp="20240101 12:21:56.704" level="INFO">${run_test} = True</msg>
<status status="PASS" starttime="20240101 12:21:56.702" endtime="20240101 12:21:56.704"/>
</kw>
<kw name="Run Keyword If" library="BuiltIn">
<arg>${run_test}</arg>
<arg>_Check And Perform Valid Login</arg>
<arg>${Part}</arg>
<doc>Runs the given keyword with the given arguments, if ``condition`` is true.</doc>
<kw name="_Check And Perform Valid Login">
<arg>${Part}</arg>
<kw name="Input Text" library="SeleniumLibrary">
<arg>id:Email</arg>
<arg>${Part}</arg>
<doc>Types the given ``text`` into the text field identified by ``locator``.</doc>
<msg timestamp="20240101 12:21:56.704" level="INFO">Typing text '2345127' into text field 'id:Email'.</msg>
<status status="PASS" starttime="20240101 12:21:56.704" endtime="20240101 12:21:56.789"/>
</kw>
<kw name="Sleep" library="BuiltIn">
<arg>2</arg>
<doc>Pauses the test executed for the given time.</doc>
<msg timestamp="20240101 12:21:58.798" level="INFO">Slept 2 seconds</msg>
<status status="PASS" starttime="20240101 12:21:56.789" endtime="20240101 12:21:58.798"/>
</kw>
<status status="PASS" starttime="20240101 12:21:56.704" endtime="20240101 12:21:58.798"/>
</kw>
<status status="PASS" starttime="20240101 12:21:56.704" endtime="20240101 12:21:58.798"/>
</kw>
<kw name="Run Keyword If" library="BuiltIn">
<arg>${run_test}</arg>
<arg>_Check And Perform Invalid Login</arg>
<arg>${Part}</arg>
<doc>Runs the given keyword with the given arguments, if ``condition`` is true.</doc>
<kw name="_Check And Perform Invalid Login">
<arg>${Part}</arg>
<kw name="Input Text" library="SeleniumLibrary">
<arg>id:Email</arg>
<arg>${Part}</arg>
<doc>Types the given ``text`` into the text field identified by ``locator``.</doc>
<msg timestamp="20240101 12:21:58.798" level="INFO">Typing text '2345127' into text field 'id:Email'.</msg>
<status status="PASS" starttime="20240101 12:21:58.798" endtime="20240101 12:21:58.856"/>
</kw>
<kw name="Sleep" library="BuiltIn">
<arg>2</arg>
<doc>Pauses the test executed for the given time.</doc>
<msg timestamp="20240101 12:22:00.856" level="INFO">Slept 2 seconds</msg>
<status status="PASS" starttime="20240101 12:21:58.856" endtime="20240101 12:22:00.857"/>
</kw>
<status status="PASS" starttime="20240101 12:21:58.798" endtime="20240101 12:22:00.857"/>
</kw>
<status status="PASS" starttime="20240101 12:21:58.798" endtime="20240101 12:22:00.857"/>
</kw>
<kw name="Log" library="BuiltIn">
<arg>Test Skipped: Run_Indicator is not 'y'</arg>
<doc>Logs the given message with the given level.</doc>
<msg timestamp="20240101 12:22:00.857" level="INFO">Test Skipped: Run_Indicator is not 'y'</msg>
<status status="PASS" starttime="20240101 12:22:00.857" endtime="20240101 12:22:00.857"/>
</kw>
<status status="PASS" starttime="20240101 12:21:56.702" endtime="20240101 12:22:00.857"/>
</kw>
<tag>Run</tag>
<status status="PASS" starttime="20240101 12:21:56.700" endtime="20240101 12:22:00.857"/>
</test>
<test id="s1-t2" name="Check Login" line="11">
<kw name="_Check Login">
<arg>123mG01</arg>
<arg>y</arg>
<kw name="Evaluate" library="BuiltIn">
<var>${run_test}</var>
<arg>"${Run_Indi.lower()}" == "y"</arg>
<doc>Evaluates the given expression in Python and returns the result.</doc>
<msg timestamp="20240101 12:22:00.866" level="INFO">${run_test} = True</msg>
<status status="PASS" starttime="20240101 12:22:00.857" endtime="20240101 12:22:00.866"/>
</kw>
<kw name="Run Keyword If" library="BuiltIn">
<arg>${run_test}</arg>
<arg>_Check And Perform Valid Login</arg>
<arg>${Part}</arg>
<doc>Runs the given keyword with the given arguments, if ``condition`` is true.</doc>
<kw name="_Check And Perform Valid Login">
<arg>${Part}</arg>
<kw name="Input Text" library="SeleniumLibrary">
<arg>id:Email</arg>
<arg>${Part}</arg>
<doc>Types the given ``text`` into the text field identified by ``locator``.</doc>
<msg timestamp="20240101 12:22:00.866" level="INFO">Typing text '123mG01' into text field 'id:Email'.</msg>
<status status="PASS" starttime="20240101 12:22:00.866" endtime="20240101 12:22:00.931"/>
</kw>
<kw name="Sleep" library="BuiltIn">
<arg>2</arg>
<doc>Pauses the test executed for the given time.</doc>
<msg timestamp="20240101 12:22:02.936" level="INFO">Slept 2 seconds</msg>
<status status="PASS" starttime="20240101 12:22:00.931" endtime="20240101 12:22:02.936"/>
</kw>
<status status="PASS" starttime="20240101 12:22:00.866" endtime="20240101 12:22:02.936"/>
</kw>
<status status="PASS" starttime="20240101 12:22:00.866" endtime="20240101 12:22:02.936"/>
</kw>
<kw name="Run Keyword If" library="BuiltIn">
<arg>${run_test}</arg>
<arg>_Check And Perform Invalid Login</arg>
<arg>${Part}</arg>
<doc>Runs the given keyword with the given arguments, if ``condition`` is true.</doc>
<kw name="_Check And Perform Invalid Login">
<arg>${Part}</arg>
<kw name="Input Text" library="SeleniumLibrary">
<arg>id:Email</arg>
<arg>${Part}</arg>
<doc>Types the given ``text`` into the text field identified by ``locator``.</doc>
<msg timestamp="20240101 12:22:02.936" level="INFO">Typing text '123mG01' into text field 'id:Email'.</msg>
<status status="PASS" starttime="20240101 12:22:02.936" endtime="20240101 12:22:03.004"/>
</kw>
<kw name="Sleep" library="BuiltIn">
<arg>2</arg>
<doc>Pauses the test executed for the given time.</doc>
<msg timestamp="20240101 12:22:05.014" level="INFO">Slept 2 seconds</msg>
<status status="PASS" starttime="20240101 12:22:03.004" endtime="20240101 12:22:05.014"/>
</kw>
<status status="PASS" starttime="20240101 12:22:02.936" endtime="20240101 12:22:05.014"/>
</kw>
<status status="PASS" starttime="20240101 12:22:02.936" endtime="20240101 12:22:05.014"/>
</kw>
<kw name="Log" library="BuiltIn">
<arg>Test Skipped: Run_Indicator is not 'y'</arg>
<doc>Logs the given message with the given level.</doc>
<msg timestamp="20240101 12:22:05.014" level="INFO">Test Skipped: Run_Indicator is not 'y'</msg>
<status status="PASS" starttime="20240101 12:22:05.014" endtime="20240101 12:22:05.014"/>
</kw>
<status status="PASS" starttime="20240101 12:22:00.857" endtime="20240101 12:22:05.014"/>
</kw>
<tag>Run</tag>
<status status="PASS" starttime="20240101 12:22:00.857" endtime="20240101 12:22:05.016"/>
</test>
<test id="s1-t3" name="Check Login" line="11">
<kw name="_Check Login">
<arg>2345127</arg>
<arg>n</arg>
<kw name="Evaluate" library="BuiltIn">
<var>${run_test}</var>
<arg>"${Run_Indi.lower()}" == "y"</arg>
<doc>Evaluates the given expression in Python and returns the result.</doc>
<msg timestamp="20240101 12:22:05.026" level="INFO">${run_test} = False</msg>
<status status="PASS" starttime="20240101 12:22:05.022" endtime="20240101 12:22:05.026"/>
</kw>
<kw name="Run Keyword If" library="BuiltIn">
<arg>${run_test}</arg>
<arg>_Check And Perform Valid Login</arg>
<arg>${Part}</arg>
<doc>Runs the given keyword with the given arguments, if ``condition`` is true.</doc>
<status status="PASS" starttime="20240101 12:22:05.026" endtime="20240101 12:22:05.026"/>
</kw>
<kw name="Run Keyword If" library="BuiltIn">
<arg>${run_test}</arg>
<arg>_Check And Perform Invalid Login</arg>
<arg>${Part}</arg>
<doc>Runs the given keyword with the given arguments, if ``condition`` is true.</doc>
<status status="PASS" starttime="20240101 12:22:05.026" endtime="20240101 12:22:05.026"/>
</kw>
<kw name="Log" library="BuiltIn">
<arg>Test Skipped: Run_Indicator is not 'y'</arg>
<doc>Logs the given message with the given level.</doc>
<msg timestamp="20240101 12:22:05.026" level="INFO">Test Skipped: Run_Indicator is not 'y'</msg>
<status status="PASS" starttime="20240101 12:22:05.026" endtime="20240101 12:22:05.026"/>
</kw>
<status status="PASS" starttime="20240101 12:22:05.022" endtime="20240101 12:22:05.026"/>
</kw>
<tag>Run</tag>
<status status="PASS" starttime="20240101 12:22:05.019" endtime="20240101 12:22:05.026"/>
</test>
<test id="s1-t4" name="Check Login" line="11">
<kw name="_Check Login">
<arg>2345127</arg>
<arg>y</arg>
<kw name="Evaluate" library="BuiltIn">
<var>${run_test}</var>
<arg>"${Run_Indi.lower()}" == "y"</arg>
<doc>Evaluates the given expression in Python and returns the result.</doc>
<msg timestamp="20240101 12:22:05.036" level="INFO">${run_test} = True</msg>
<status status="PASS" starttime="20240101 12:22:05.030" endtime="20240101 12:22:05.036"/>
</kw>
<kw name="Run Keyword If" library="BuiltIn">
<arg>${run_test}</arg>
<arg>_Check And Perform Valid Login</arg>
<arg>${Part}</arg>
<doc>Runs the given keyword with the given arguments, if ``condition`` is true.</doc>
<kw name="_Check And Perform Valid Login">
<arg>${Part}</arg>
<kw name="Input Text" library="SeleniumLibrary">
<arg>id:Email</arg>
<arg>${Part}</arg>
<doc>Types the given ``text`` into the text field identified by ``locator``.</doc>
<msg timestamp="20240101 12:22:05.036" level="INFO">Typing text '2345127' into text field 'id:Email'.</msg>
<status status="PASS" starttime="20240101 12:22:05.036" endtime="20240101 12:22:05.094"/>
</kw>
<kw name="Sleep" library="BuiltIn">
<arg>2</arg>
<doc>Pauses the test executed for the given time.</doc>
<msg timestamp="20240101 12:22:07.108" level="INFO">Slept 2 seconds</msg>
<status status="PASS" starttime="20240101 12:22:05.094" endtime="20240101 12:22:07.109"/>
</kw>
<status status="PASS" starttime="20240101 12:22:05.036" endtime="20240101 12:22:07.109"/>
</kw>
<status status="PASS" starttime="20240101 12:22:05.036" endtime="20240101 12:22:07.109"/>
</kw>
<kw name="Run Keyword If" library="BuiltIn">
<arg>${run_test}</arg>
<arg>_Check And Perform Invalid Login</arg>
<arg>${Part}</arg>
<doc>Runs the given keyword with the given arguments, if ``condition`` is true.</doc>
<kw name="_Check And Perform Invalid Login">
<arg>${Part}</arg>
<kw name="Input Text" library="SeleniumLibrary">
<arg>id:Email</arg>
<arg>${Part}</arg>
<doc>Types the given ``text`` into the text field identified by ``locator``.</doc>
<msg timestamp="20240101 12:22:07.109" level="INFO">Typing text '2345127' into text field 'id:Email'.</msg>
<status status="PASS" starttime="20240101 12:22:07.109" endtime="20240101 12:22:07.176"/>
</kw>
<kw name="Sleep" library="BuiltIn">
<arg>2</arg>
<doc>Pauses the test executed for the given time.</doc>
<msg timestamp="20240101 12:22:09.185" level="INFO">Slept 2 seconds</msg>
<status status="PASS" starttime="20240101 12:22:07.176" endtime="20240101 12:22:09.185"/>
</kw>
<status status="PASS" starttime="20240101 12:22:07.109" endtime="20240101 12:22:09.185"/>
</kw>
<status status="PASS" starttime="20240101 12:22:07.109" endtime="20240101 12:22:09.185"/>
</kw>
<kw name="Log" library="BuiltIn">
<arg>Test Skipped: Run_Indicator is not 'y'</arg>
<doc>Logs the given message with the given level.</doc>
<msg timestamp="20240101 12:22:09.186" level="INFO">Test Skipped: Run_Indicator is not 'y'</msg>
<status status="PASS" starttime="20240101 12:22:09.185" endtime="20240101 12:22:09.186"/>
</kw>
<status status="PASS" starttime="20240101 12:22:05.030" endtime="20240101 12:22:09.186"/>
</kw>
<tag>Run</tag>
<status status="PASS" starttime="20240101 12:22:05.030" endtime="20240101 12:22:09.186"/>
</test>
<test id="s1-t5" name="Check Login" line="11">
<kw name="_Check Login">
<arg>123mG01</arg>
<arg>y</arg>
<kw name="Evaluate" library="BuiltIn">
<var>${run_test}</var>
<arg>"${Run_Indi.lower()}" == "y"</arg>
<doc>Evaluates the given expression in Python and returns the result.</doc>
<msg timestamp="20240101 12:22:09.186" level="INFO">${run_test} = True</msg>
<status status="PASS" starttime="20240101 12:22:09.186" endtime="20240101 12:22:09.186"/>
</kw>
<kw name="Run Keyword If" library="BuiltIn">
<arg>${run_test}</arg>
<arg>_Check And Perform Valid Login</arg>
<arg>${Part}</arg>
<doc>Runs the given keyword with the given arguments, if ``condition`` is true.</doc>
<kw name="_Check And Perform Valid Login">
<arg>${Part}</arg>
<kw name="Input Text" library="SeleniumLibrary">
<arg>id:Email</arg>
<arg>${Part}</arg>
<doc>Types the given ``text`` into the text field identified by ``locator``.</doc>
<msg timestamp="20240101 12:22:09.186" level="INFO">Typing text '123mG01' into text field 'id:Email'.</msg>
<status status="PASS" starttime="20240101 12:22:09.186" endtime="20240101 12:22:09.244"/>
</kw>
<kw name="Sleep" library="BuiltIn">
<arg>2</arg>
<doc>Pauses the test executed for the given time.</doc>
<msg timestamp="20240101 12:22:11.244" level="INFO">Slept 2 seconds</msg>
<status status="PASS" starttime="20240101 12:22:09.244" endtime="20240101 12:22:11.244"/>
</kw>
<status status="PASS" starttime="20240101 12:22:09.186" endtime="20240101 12:22:11.244"/>
</kw>
<status status="PASS" starttime="20240101 12:22:09.186" endtime="20240101 12:22:11.244"/>
</kw>
<kw name="Run Keyword If" library="BuiltIn">
<arg>${run_test}</arg>
<arg>_Check And Perform Invalid Login</arg>
<arg>${Part}</arg>
<doc>Runs the given keyword with the given arguments, if ``condition`` is true.</doc>
<kw name="_Check And Perform Invalid Login">
<arg>${Part}</arg>
<kw name="Input Text" library="SeleniumLibrary">
<arg>id:Email</arg>
<arg>${Part}</arg>
<doc>Types the given ``text`` into the text field identified by ``locator``.</doc>
<msg timestamp="20240101 12:22:11.245" level="INFO">Typing text '123mG01' into text field 'id:Email'.</msg>
<status status="PASS" starttime="20240101 12:22:11.245" endtime="20240101 12:22:11.299"/>
</kw>
<kw name="Sleep" library="BuiltIn">
<arg>2</arg>
<doc>Pauses the test executed for the given time.</doc>
<msg timestamp="20240101 12:22:13.308" level="INFO">Slept 2 seconds</msg>
<status status="PASS" starttime="20240101 12:22:11.299" endtime="20240101 12:22:13.308"/>
</kw>
<status status="PASS" starttime="20240101 12:22:11.245" endtime="20240101 12:22:13.308"/>
</kw>
<status status="PASS" starttime="20240101 12:22:11.244" endtime="20240101 12:22:13.308"/>
</kw>
<kw name="Log" library="BuiltIn">
<arg>Test Skipped: Run_Indicator is not 'y'</arg>
<doc>Logs the given message with the given level.</doc>
<msg timestamp="20240101 12:22:13.308" level="INFO">Test Skipped: Run_Indicator is not 'y'</msg>
<status status="PASS" starttime="20240101 12:22:13.308" endtime="20240101 12:22:13.308"/>
</kw>
<status status="PASS" starttime="20240101 12:22:09.186" endtime="20240101 12:22:13.308"/>
</kw>
<tag>Run</tag>
<status status="PASS" starttime="20240101 12:22:09.186" endtime="20240101 12:22:13.308"/>
</test>
<test id="s1-t6" name="Check Login" line="11">
<kw name="_Check Login">
<arg>2345127</arg>
<arg>n</arg>
<kw name="Evaluate" library="BuiltIn">
<var>${run_test}</var>
<arg>"${Run_Indi.lower()}" == "y"</arg>
<doc>Evaluates the given expression in Python and returns the result.</doc>
<msg timestamp="20240101 12:22:13.316" level="INFO">${run_test} = False</msg>
<status status="PASS" starttime="20240101 12:22:13.316" endtime="20240101 12:22:13.316"/>
</kw>
<kw name="Run Keyword If" library="BuiltIn">
<arg>${run_test}</arg>
<arg>_Check And Perform Valid Login</arg>
<arg>${Part}</arg>
<doc>Runs the given keyword with the given arguments, if ``condition`` is true.</doc>
<status status="PASS" starttime="20240101 12:22:13.316" endtime="20240101 12:22:13.316"/>
</kw>
<kw name="Run Keyword If" library="BuiltIn">
<arg>${run_test}</arg>
<arg>_Check And Perform Invalid Login</arg>
<arg>${Part}</arg>
<doc>Runs the given keyword with the given arguments, if ``condition`` is true.</doc>
<status status="PASS" starttime="20240101 12:22:13.316" endtime="20240101 12:22:13.316"/>
</kw>
<kw name="Log" library="BuiltIn">
<arg>Test Skipped: Run_Indicator is not 'y'</arg>
<doc>Logs the given message with the given level.</doc>
<msg timestamp="20240101 12:22:13.316" level="INFO">Test Skipped: Run_Indicator is not 'y'</msg>
<status status="PASS" starttime="20240101 12:22:13.316" endtime="20240101 12:22:13.316"/>
</kw>
<status status="PASS" starttime="20240101 12:22:13.316" endtime="20240101 12:22:13.316"/>
</kw>
<tag>Run</tag>
<status status="PASS" starttime="20240101 12:22:13.308" endtime="20240101 12:22:13.316"/>
</test>
<kw name="Close Browsers" library="run_indecator_resources" type="TEARDOWN">
<kw name="Close All Browsers" library="SeleniumLibrary">
<doc>Closes all open browsers and resets the browser cache.</doc>
<status status="PASS" starttime="20240101 12:22:13.324" endtime="20240101 12:22:19.526"/>
</kw>
<status status="PASS" starttime="20240101 12:22:13.316" endtime="20240101 12:22:19.526"/>
</kw>
<status status="PASS" starttime="20240101 12:21:51.316" endtime="20240101 12:22:19.526"/>
</suite>
<statistics>
<total>
<stat pass="6" fail="0" skip="0">All Tests</stat>
</total>
<tag>
<stat pass="6" fail="0" skip="0">Run</stat>
</tag>
<suite>
<stat pass="6" fail="0" skip="0" id="s1" name="Assign">Assign</stat>
</suite>
</statistics>
<errors>
<msg timestamp="20240101 12:21:51.486" level="ERROR">Error in file 'C:\Users\KloverCloud\PycharmProjects\ddt_with_robot\Resources\run_indecator_resources.robot' on line 22: Creating keyword 'Check Login' failed: Invalid argument specification: Invalid argument syntax '${password} ${Run_Indicator}'.</msg>
<msg timestamp="20240101 12:22:00.857" level="WARN">Multiple tests with name 'Check Login' executed in suite 'Assign'.</msg>
<msg timestamp="20240101 12:22:05.018" level="WARN">Multiple tests with name 'Check Login' executed in suite 'Assign'.</msg>
<msg timestamp="20240101 12:22:05.030" level="WARN">Multiple tests with name 'Check Login' executed in suite 'Assign'.</msg>
<msg timestamp="20240101 12:22:09.186" level="WARN">Multiple tests with name 'Check Login' executed in suite 'Assign'.</msg>
<msg timestamp="20240101 12:22:13.308" level="WARN">Multiple tests with name 'Check Login' executed in suite 'Assign'.</msg>
</errors>
</robot>
